<?xml version="1.0" encoding="UTF-8"?>
<!-- Generated by org.testng.reporters.JUnitXMLReporter -->
<testsuite hostname="TA0134-Vikas" name="Test" tests="1" failures="0" timestamp="26 Sep 2022 04:45:19 GMT" time="22.336" errors="0">
  <testcase name="@AfterTest teardown" time="0.0" classname="tests.domeTests">
    <failure type="org.openqa.selenium.UnsupportedCommandException" message="The requested resource could not be found, or a request was received using an HTTP method that is not supported by the mapped resource
Build info: version: &amp;apos;4.4.0&amp;apos;, revision: &amp;apos;e5c75ed026a&amp;apos;
System info: host: &amp;apos;TA0134-VIKAS&amp;apos;, ip: &amp;apos;192.168.1.5&amp;apos;, os.name: &amp;apos;Windows 10&amp;apos;, os.arch: &amp;apos;amd64&amp;apos;, os.version: &amp;apos;10.0&amp;apos;, java.version: &amp;apos;1.8.0_341&amp;apos;
Driver info: io.appium.java_client.AppiumDriver
Command: [2ef42a15-ce79-4d32-9668-796572992229, close {}]
Capabilities {appium:AUTOMATION_NAME: Appium, appium:appActivity: com.vivo.calculator.Calculator, appium:appPackage: com.vivo.calculator, appium:databaseEnabled: false, appium:desired: {AUTOMATION_NAME: Appium, appActivity: com.vivo.calculator.Calculator, appPackage: com.vivo.calculator, deviceName: vivo Y15C, platformName: android, platformVersion: 12, udid: 13853760010000J}, appium:deviceApiLevel: 31, appium:deviceManufacturer: vivo, appium:deviceModel: V2147, appium:deviceName: 13853760010000J, appium:deviceScreenDensity: 300, appium:deviceScreenSize: 720x1600, appium:deviceUDID: 13853760010000J, appium:javascriptEnabled: true, appium:locationContextEnabled: false, appium:networkConnectionEnabled: true, appium:pixelRatio: 1.875, appium:platformVersion: 12, appium:statBarHeight: 60, appium:takesScreenshot: true, appium:udid: 13853760010000J, appium:viewportRect: {height: 1385, left: 0, top: 60, width: 720}, appium:warnings: {}, appium:webStorageEnabled: false, platformName: ANDROID}
Session ID: 2ef42a15-ce79-4d32-9668-796572992229">
      <![CDATA[org.openqa.selenium.UnsupportedCommandException: The requested resource could not be found, or a request was received using an HTTP method that is not supported by the mapped resource
Build info: version: '4.4.0', revision: 'e5c75ed026a'
System info: host: 'TA0134-VIKAS', ip: '192.168.1.5', os.name: 'Windows 10', os.arch: 'amd64', os.version: '10.0', java.version: '1.8.0_341'
Driver info: io.appium.java_client.AppiumDriver
Command: [2ef42a15-ce79-4d32-9668-796572992229, close {}]
Capabilities {appium:AUTOMATION_NAME: Appium, appium:appActivity: com.vivo.calculator.Calculator, appium:appPackage: com.vivo.calculator, appium:databaseEnabled: false, appium:desired: {AUTOMATION_NAME: Appium, appActivity: com.vivo.calculator.Calculator, appPackage: com.vivo.calculator, deviceName: vivo Y15C, platformName: android, platformVersion: 12, udid: 13853760010000J}, appium:deviceApiLevel: 31, appium:deviceManufacturer: vivo, appium:deviceModel: V2147, appium:deviceName: 13853760010000J, appium:deviceScreenDensity: 300, appium:deviceScreenSize: 720x1600, appium:deviceUDID: 13853760010000J, appium:javascriptEnabled: true, appium:locationContextEnabled: false, appium:networkConnectionEnabled: true, appium:pixelRatio: 1.875, appium:platformVersion: 12, appium:statBarHeight: 60, appium:takesScreenshot: true, appium:udid: 13853760010000J, appium:viewportRect: {height: 1385, left: 0, top: 60, width: 720}, appium:warnings: {}, appium:webStorageEnabled: false, platformName: ANDROID}
Session ID: 2ef42a15-ce79-4d32-9668-796572992229
	at org.openqa.selenium.remote.codec.w3c.W3CHttpResponseCodec.createException(W3CHttpResponseCodec.java:200)
	at org.openqa.selenium.remote.codec.w3c.W3CHttpResponseCodec.decode(W3CHttpResponseCodec.java:133)
	at org.openqa.selenium.remote.codec.w3c.W3CHttpResponseCodec.decode(W3CHttpResponseCodec.java:53)
	at org.openqa.selenium.remote.HttpCommandExecutor.execute(HttpCommandExecutor.java:184)
	at io.appium.java_client.remote.AppiumCommandExecutor.execute(AppiumCommandExecutor.java:189)
	at org.openqa.selenium.remote.RemoteWebDriver.execute(RemoteWebDriver.java:547)
	at org.openqa.selenium.remote.RemoteWebDriver.execute(RemoteWebDriver.java:602)
	at io.appium.java_client.AppiumDriver.execute(AppiumDriver.java:272)
	at org.openqa.selenium.remote.RemoteWebDriver.close(RemoteWebDriver.java:432)
	at tests.BaseClass.teardown(BaseClass.java:47)
... Removed 26 stack frames]]>
    </failure>
  </testcase> <!-- @AfterTest teardown -->
  <testcase name="testone" time="3.072" classname="tests.domeTests"/>
</testsuite> <!-- Test -->
